2023-02-11 21:47:45.737 -07:00 [DBG] An 'IServiceProvider' was created for internal use by Entity Framework.
2023-02-11 21:47:45.857 -07:00 [DBG] Entity Framework Core 7.0.2 initialized 'AuthDbContext' using provider 'Microsoft.EntityFrameworkCore.SqlServer:7.0.2' with options: None
2023-02-11 21:47:45.907 -07:00 [DBG] 'AuthDbContext' disposed.
2023-02-11 21:48:45.805 -07:00 [DBG] An 'IServiceProvider' was created for internal use by Entity Framework.
2023-02-11 21:48:45.924 -07:00 [DBG] Entity Framework Core 7.0.2 initialized 'AuthDbContext' using provider 'Microsoft.EntityFrameworkCore.SqlServer:7.0.2' with options: None
2023-02-11 21:48:45.935 -07:00 [DBG] Creating DbConnection.
2023-02-11 21:48:45.955 -07:00 [DBG] Created DbConnection. (18ms).
2023-02-11 21:48:45.957 -07:00 [DBG] Migrating using database 'AuthSrv' on server '(localdb)\MSSQLLocalDB'.
2023-02-11 21:48:45.960 -07:00 [DBG] Opening connection to database 'AuthSrv' on server '(localdb)\MSSQLLocalDB'.
2023-02-11 21:48:46.742 -07:00 [DBG] An error occurred using the connection to database 'AuthSrv' on server '(localdb)\MSSQLLocalDB'.
2023-02-11 21:48:46.743 -07:00 [DBG] Opening connection to database 'AuthSrv' on server '(localdb)\MSSQLLocalDB'.
2023-02-11 21:48:46.743 -07:00 [DBG] An error occurred using the connection to database 'AuthSrv' on server '(localdb)\MSSQLLocalDB'.
2023-02-11 21:48:46.760 -07:00 [DBG] Creating DbConnection.
2023-02-11 21:48:46.760 -07:00 [DBG] Created DbConnection. (0ms).
2023-02-11 21:48:46.760 -07:00 [DBG] Opening connection to database 'master' on server '(localdb)\MSSQLLocalDB'.
2023-02-11 21:48:46.768 -07:00 [DBG] Opened connection to database 'master' on server '(localdb)\MSSQLLocalDB'.
2023-02-11 21:48:46.771 -07:00 [DBG] Creating DbCommand for 'ExecuteNonQuery'.
2023-02-11 21:48:46.774 -07:00 [DBG] Created DbCommand for 'ExecuteNonQuery' (2ms).
2023-02-11 21:48:46.775 -07:00 [DBG] Initialized DbCommand for 'ExecuteNonQuery' (5ms).
2023-02-11 21:48:46.779 -07:00 [DBG] Executing DbCommand [Parameters=[], CommandType='"Text"', CommandTimeout='60']
CREATE DATABASE [AuthSrv];
2023-02-11 21:48:46.925 -07:00 [INF] Executed DbCommand (146ms) [Parameters=[], CommandType='"Text"', CommandTimeout='60']
CREATE DATABASE [AuthSrv];
2023-02-11 21:48:46.925 -07:00 [DBG] Creating DbCommand for 'ExecuteNonQuery'.
2023-02-11 21:48:46.925 -07:00 [DBG] Created DbCommand for 'ExecuteNonQuery' (0ms).
2023-02-11 21:48:46.925 -07:00 [DBG] Initialized DbCommand for 'ExecuteNonQuery' (0ms).
2023-02-11 21:48:46.925 -07:00 [DBG] Executing DbCommand [Parameters=[], CommandType='"Text"', CommandTimeout='60']
IF SERVERPROPERTY('EngineEdition') <> 5
BEGIN
    ALTER DATABASE [AuthSrv] SET READ_COMMITTED_SNAPSHOT ON;
END;
2023-02-11 21:48:46.968 -07:00 [INF] Executed DbCommand (42ms) [Parameters=[], CommandType='"Text"', CommandTimeout='60']
IF SERVERPROPERTY('EngineEdition') <> 5
BEGIN
    ALTER DATABASE [AuthSrv] SET READ_COMMITTED_SNAPSHOT ON;
END;
2023-02-11 21:48:46.968 -07:00 [DBG] Closing connection to database 'master' on server '(localdb)\MSSQLLocalDB'.
2023-02-11 21:48:46.973 -07:00 [DBG] Closed connection to database 'master' on server '(localdb)\MSSQLLocalDB' (2ms).
2023-02-11 21:48:46.974 -07:00 [DBG] Disposing connection to database 'master' on server '(localdb)\MSSQLLocalDB'.
2023-02-11 21:48:46.975 -07:00 [DBG] Disposed connection to database '' on server '' (0ms).
2023-02-11 21:48:46.975 -07:00 [DBG] Opening connection to database 'AuthSrv' on server '(localdb)\MSSQLLocalDB'.
2023-02-11 21:48:46.977 -07:00 [DBG] Opened connection to database 'AuthSrv' on server '(localdb)\MSSQLLocalDB'.
2023-02-11 21:48:46.977 -07:00 [DBG] Creating DbCommand for 'ExecuteNonQuery'.
2023-02-11 21:48:46.977 -07:00 [DBG] Created DbCommand for 'ExecuteNonQuery' (0ms).
2023-02-11 21:48:46.977 -07:00 [DBG] Initialized DbCommand for 'ExecuteNonQuery' (0ms).
2023-02-11 21:48:46.977 -07:00 [DBG] Executing DbCommand [Parameters=[], CommandType='"Text"', CommandTimeout='30']
SELECT 1
2023-02-11 21:48:46.981 -07:00 [INF] Executed DbCommand (4ms) [Parameters=[], CommandType='"Text"', CommandTimeout='30']
SELECT 1
2023-02-11 21:48:46.981 -07:00 [DBG] Closing connection to database 'AuthSrv' on server '(localdb)\MSSQLLocalDB'.
2023-02-11 21:48:46.981 -07:00 [DBG] Closed connection to database 'AuthSrv' on server '(localdb)\MSSQLLocalDB' (0ms).
2023-02-11 21:48:47.103 -07:00 [DBG] Creating DbCommand for 'ExecuteNonQuery'.
2023-02-11 21:48:47.103 -07:00 [DBG] Created DbCommand for 'ExecuteNonQuery' (0ms).
2023-02-11 21:48:47.103 -07:00 [DBG] Initialized DbCommand for 'ExecuteNonQuery' (0ms).
2023-02-11 21:48:47.103 -07:00 [DBG] Opening connection to database 'AuthSrv' on server '(localdb)\MSSQLLocalDB'.
2023-02-11 21:48:47.104 -07:00 [DBG] Opened connection to database 'AuthSrv' on server '(localdb)\MSSQLLocalDB'.
2023-02-11 21:48:47.104 -07:00 [DBG] Executing DbCommand [Parameters=[], CommandType='"Text"', CommandTimeout='30']
CREATE TABLE [__EFMigrationsHistory] (
    [MigrationId] nvarchar(150) NOT NULL,
    [ProductVersion] nvarchar(32) NOT NULL,
    CONSTRAINT [PK___EFMigrationsHistory] PRIMARY KEY ([MigrationId])
);
2023-02-11 21:48:47.107 -07:00 [INF] Executed DbCommand (3ms) [Parameters=[], CommandType='"Text"', CommandTimeout='30']
CREATE TABLE [__EFMigrationsHistory] (
    [MigrationId] nvarchar(150) NOT NULL,
    [ProductVersion] nvarchar(32) NOT NULL,
    CONSTRAINT [PK___EFMigrationsHistory] PRIMARY KEY ([MigrationId])
);
2023-02-11 21:48:47.107 -07:00 [DBG] Closing connection to database 'AuthSrv' on server '(localdb)\MSSQLLocalDB'.
2023-02-11 21:48:47.107 -07:00 [DBG] Closed connection to database 'AuthSrv' on server '(localdb)\MSSQLLocalDB' (0ms).
2023-02-11 21:48:47.107 -07:00 [DBG] Opening connection to database 'AuthSrv' on server '(localdb)\MSSQLLocalDB'.
2023-02-11 21:48:47.107 -07:00 [DBG] Opened connection to database 'AuthSrv' on server '(localdb)\MSSQLLocalDB'.
2023-02-11 21:48:47.108 -07:00 [DBG] Creating DbCommand for 'ExecuteNonQuery'.
2023-02-11 21:48:47.108 -07:00 [DBG] Created DbCommand for 'ExecuteNonQuery' (0ms).
2023-02-11 21:48:47.108 -07:00 [DBG] Initialized DbCommand for 'ExecuteNonQuery' (0ms).
2023-02-11 21:48:47.108 -07:00 [DBG] Executing DbCommand [Parameters=[], CommandType='"Text"', CommandTimeout='30']
SELECT 1
2023-02-11 21:48:47.108 -07:00 [INF] Executed DbCommand (0ms) [Parameters=[], CommandType='"Text"', CommandTimeout='30']
SELECT 1
2023-02-11 21:48:47.108 -07:00 [DBG] Closing connection to database 'AuthSrv' on server '(localdb)\MSSQLLocalDB'.
2023-02-11 21:48:47.108 -07:00 [DBG] Closed connection to database 'AuthSrv' on server '(localdb)\MSSQLLocalDB' (0ms).
2023-02-11 21:48:47.110 -07:00 [DBG] Creating DbCommand for 'ExecuteScalar'.
2023-02-11 21:48:47.110 -07:00 [DBG] Created DbCommand for 'ExecuteScalar' (0ms).
2023-02-11 21:48:47.110 -07:00 [DBG] Initialized DbCommand for 'ExecuteScalar' (0ms).
2023-02-11 21:48:47.110 -07:00 [DBG] Opening connection to database 'AuthSrv' on server '(localdb)\MSSQLLocalDB'.
2023-02-11 21:48:47.110 -07:00 [DBG] Opened connection to database 'AuthSrv' on server '(localdb)\MSSQLLocalDB'.
2023-02-11 21:48:47.110 -07:00 [DBG] Executing DbCommand [Parameters=[], CommandType='"Text"', CommandTimeout='30']
SELECT OBJECT_ID(N'[__EFMigrationsHistory]');
2023-02-11 21:48:47.117 -07:00 [INF] Executed DbCommand (7ms) [Parameters=[], CommandType='"Text"', CommandTimeout='30']
SELECT OBJECT_ID(N'[__EFMigrationsHistory]');
2023-02-11 21:48:47.117 -07:00 [DBG] Closing connection to database 'AuthSrv' on server '(localdb)\MSSQLLocalDB'.
2023-02-11 21:48:47.117 -07:00 [DBG] Closed connection to database 'AuthSrv' on server '(localdb)\MSSQLLocalDB' (0ms).
2023-02-11 21:48:47.118 -07:00 [DBG] Creating DbCommand for 'ExecuteReader'.
2023-02-11 21:48:47.118 -07:00 [DBG] Created DbCommand for 'ExecuteReader' (0ms).
2023-02-11 21:48:47.118 -07:00 [DBG] Initialized DbCommand for 'ExecuteReader' (0ms).
2023-02-11 21:48:47.118 -07:00 [DBG] Opening connection to database 'AuthSrv' on server '(localdb)\MSSQLLocalDB'.
2023-02-11 21:48:47.118 -07:00 [DBG] Opened connection to database 'AuthSrv' on server '(localdb)\MSSQLLocalDB'.
2023-02-11 21:48:47.119 -07:00 [DBG] Executing DbCommand [Parameters=[], CommandType='"Text"', CommandTimeout='30']
SELECT [MigrationId], [ProductVersion]
FROM [__EFMigrationsHistory]
ORDER BY [MigrationId];
2023-02-11 21:48:47.120 -07:00 [INF] Executed DbCommand (1ms) [Parameters=[], CommandType='"Text"', CommandTimeout='30']
SELECT [MigrationId], [ProductVersion]
FROM [__EFMigrationsHistory]
ORDER BY [MigrationId];
2023-02-11 21:48:47.121 -07:00 [DBG] Closing data reader to 'AuthSrv' on server '(localdb)\MSSQLLocalDB'.
2023-02-11 21:48:47.122 -07:00 [DBG] A data reader for 'AuthSrv' on server '(localdb)\MSSQLLocalDB' is being disposed after spending 0ms reading results.
2023-02-11 21:48:47.122 -07:00 [DBG] Closing connection to database 'AuthSrv' on server '(localdb)\MSSQLLocalDB'.
2023-02-11 21:48:47.122 -07:00 [DBG] Closed connection to database 'AuthSrv' on server '(localdb)\MSSQLLocalDB' (0ms).
2023-02-11 21:48:47.130 -07:00 [INF] Applying migration '20230212044745_Initial'.
2023-02-11 21:48:47.133 -07:00 [DBG] Opening connection to database 'AuthSrv' on server '(localdb)\MSSQLLocalDB'.
2023-02-11 21:48:47.133 -07:00 [DBG] Opened connection to database 'AuthSrv' on server '(localdb)\MSSQLLocalDB'.
2023-02-11 21:48:47.133 -07:00 [DBG] Beginning transaction with isolation level 'Unspecified'.
2023-02-11 21:48:47.136 -07:00 [DBG] Began transaction with isolation level 'ReadCommitted'.
2023-02-11 21:48:47.137 -07:00 [DBG] Creating DbCommand for 'ExecuteNonQuery'.
2023-02-11 21:48:47.137 -07:00 [DBG] Created DbCommand for 'ExecuteNonQuery' (0ms).
2023-02-11 21:48:47.137 -07:00 [DBG] Initialized DbCommand for 'ExecuteNonQuery' (0ms).
2023-02-11 21:48:47.137 -07:00 [DBG] Executing DbCommand [Parameters=[], CommandType='"Text"', CommandTimeout='30']
INSERT INTO [__EFMigrationsHistory] ([MigrationId], [ProductVersion])
VALUES (N'20230212044745_Initial', N'7.0.2');
2023-02-11 21:48:47.138 -07:00 [INF] Executed DbCommand (1ms) [Parameters=[], CommandType='"Text"', CommandTimeout='30']
INSERT INTO [__EFMigrationsHistory] ([MigrationId], [ProductVersion])
VALUES (N'20230212044745_Initial', N'7.0.2');
2023-02-11 21:48:47.139 -07:00 [DBG] Committing transaction.
2023-02-11 21:48:47.141 -07:00 [DBG] Committed transaction.
2023-02-11 21:48:47.141 -07:00 [DBG] Disposing transaction.
2023-02-11 21:48:47.142 -07:00 [DBG] Closing connection to database 'AuthSrv' on server '(localdb)\MSSQLLocalDB'.
2023-02-11 21:48:47.142 -07:00 [DBG] Closed connection to database 'AuthSrv' on server '(localdb)\MSSQLLocalDB' (0ms).
2023-02-11 21:48:47.142 -07:00 [DBG] 'AuthDbContext' disposed.
2023-02-11 21:48:47.143 -07:00 [DBG] Disposing connection to database 'AuthSrv' on server '(localdb)\MSSQLLocalDB'.
2023-02-11 21:48:47.143 -07:00 [DBG] Disposed connection to database '' on server '' (0ms).
2023-02-11 21:50:17.980 -07:00 [DBG] An 'IServiceProvider' was created for internal use by Entity Framework.
2023-02-11 21:50:18.240 -07:00 [DBG] Entity Framework Core 7.0.2 initialized 'AuthDbContext' using provider 'Microsoft.EntityFrameworkCore.SqlServer:7.0.2' with options: None
2023-02-11 21:50:18.340 -07:00 [DBG] 'AuthDbContext' disposed.
2023-02-11 21:50:37.574 -07:00 [DBG] An 'IServiceProvider' was created for internal use by Entity Framework.
2023-02-11 21:50:37.826 -07:00 [DBG] Entity Framework Core 7.0.2 initialized 'AuthDbContext' using provider 'Microsoft.EntityFrameworkCore.SqlServer:7.0.2' with options: None
2023-02-11 21:50:37.836 -07:00 [DBG] Creating DbConnection.
2023-02-11 21:50:37.855 -07:00 [DBG] Created DbConnection. (16ms).
2023-02-11 21:50:37.857 -07:00 [DBG] Migrating using database 'AuthSrv' on server '(localdb)\MSSQLLocalDB'.
2023-02-11 21:50:37.859 -07:00 [DBG] Opening connection to database 'AuthSrv' on server '(localdb)\MSSQLLocalDB'.
2023-02-11 21:50:37.970 -07:00 [DBG] Opened connection to database 'AuthSrv' on server '(localdb)\MSSQLLocalDB'.
2023-02-11 21:50:37.973 -07:00 [DBG] Creating DbCommand for 'ExecuteNonQuery'.
2023-02-11 21:50:37.976 -07:00 [DBG] Created DbCommand for 'ExecuteNonQuery' (2ms).
2023-02-11 21:50:37.977 -07:00 [DBG] Initialized DbCommand for 'ExecuteNonQuery' (5ms).
2023-02-11 21:50:37.980 -07:00 [DBG] Executing DbCommand [Parameters=[], CommandType='"Text"', CommandTimeout='30']
SELECT 1
2023-02-11 21:50:37.992 -07:00 [INF] Executed DbCommand (13ms) [Parameters=[], CommandType='"Text"', CommandTimeout='30']
SELECT 1
2023-02-11 21:50:37.993 -07:00 [DBG] Closing connection to database 'AuthSrv' on server '(localdb)\MSSQLLocalDB'.
2023-02-11 21:50:37.998 -07:00 [DBG] Closed connection to database 'AuthSrv' on server '(localdb)\MSSQLLocalDB' (2ms).
2023-02-11 21:50:38.000 -07:00 [DBG] Creating DbCommand for 'ExecuteScalar'.
2023-02-11 21:50:38.000 -07:00 [DBG] Created DbCommand for 'ExecuteScalar' (0ms).
2023-02-11 21:50:38.000 -07:00 [DBG] Initialized DbCommand for 'ExecuteScalar' (0ms).
2023-02-11 21:50:38.000 -07:00 [DBG] Opening connection to database 'AuthSrv' on server '(localdb)\MSSQLLocalDB'.
2023-02-11 21:50:38.000 -07:00 [DBG] Opened connection to database 'AuthSrv' on server '(localdb)\MSSQLLocalDB'.
2023-02-11 21:50:38.000 -07:00 [DBG] Executing DbCommand [Parameters=[], CommandType='"Text"', CommandTimeout='30']
SELECT OBJECT_ID(N'[__EFMigrationsHistory]');
2023-02-11 21:50:38.007 -07:00 [INF] Executed DbCommand (7ms) [Parameters=[], CommandType='"Text"', CommandTimeout='30']
SELECT OBJECT_ID(N'[__EFMigrationsHistory]');
2023-02-11 21:50:38.007 -07:00 [DBG] Closing connection to database 'AuthSrv' on server '(localdb)\MSSQLLocalDB'.
2023-02-11 21:50:38.008 -07:00 [DBG] Closed connection to database 'AuthSrv' on server '(localdb)\MSSQLLocalDB' (0ms).
2023-02-11 21:50:38.008 -07:00 [DBG] Opening connection to database 'AuthSrv' on server '(localdb)\MSSQLLocalDB'.
2023-02-11 21:50:38.008 -07:00 [DBG] Opened connection to database 'AuthSrv' on server '(localdb)\MSSQLLocalDB'.
2023-02-11 21:50:38.008 -07:00 [DBG] Creating DbCommand for 'ExecuteNonQuery'.
2023-02-11 21:50:38.008 -07:00 [DBG] Created DbCommand for 'ExecuteNonQuery' (0ms).
2023-02-11 21:50:38.008 -07:00 [DBG] Initialized DbCommand for 'ExecuteNonQuery' (0ms).
2023-02-11 21:50:38.008 -07:00 [DBG] Executing DbCommand [Parameters=[], CommandType='"Text"', CommandTimeout='30']
SELECT 1
2023-02-11 21:50:38.009 -07:00 [INF] Executed DbCommand (0ms) [Parameters=[], CommandType='"Text"', CommandTimeout='30']
SELECT 1
2023-02-11 21:50:38.009 -07:00 [DBG] Closing connection to database 'AuthSrv' on server '(localdb)\MSSQLLocalDB'.
2023-02-11 21:50:38.009 -07:00 [DBG] Closed connection to database 'AuthSrv' on server '(localdb)\MSSQLLocalDB' (0ms).
2023-02-11 21:50:38.009 -07:00 [DBG] Creating DbCommand for 'ExecuteScalar'.
2023-02-11 21:50:38.009 -07:00 [DBG] Created DbCommand for 'ExecuteScalar' (0ms).
2023-02-11 21:50:38.009 -07:00 [DBG] Initialized DbCommand for 'ExecuteScalar' (0ms).
2023-02-11 21:50:38.009 -07:00 [DBG] Opening connection to database 'AuthSrv' on server '(localdb)\MSSQLLocalDB'.
2023-02-11 21:50:38.009 -07:00 [DBG] Opened connection to database 'AuthSrv' on server '(localdb)\MSSQLLocalDB'.
2023-02-11 21:50:38.009 -07:00 [DBG] Executing DbCommand [Parameters=[], CommandType='"Text"', CommandTimeout='30']
SELECT OBJECT_ID(N'[__EFMigrationsHistory]');
2023-02-11 21:50:38.009 -07:00 [INF] Executed DbCommand (0ms) [Parameters=[], CommandType='"Text"', CommandTimeout='30']
SELECT OBJECT_ID(N'[__EFMigrationsHistory]');
2023-02-11 21:50:38.009 -07:00 [DBG] Closing connection to database 'AuthSrv' on server '(localdb)\MSSQLLocalDB'.
2023-02-11 21:50:38.009 -07:00 [DBG] Closed connection to database 'AuthSrv' on server '(localdb)\MSSQLLocalDB' (0ms).
2023-02-11 21:50:38.021 -07:00 [DBG] Creating DbCommand for 'ExecuteReader'.
2023-02-11 21:50:38.021 -07:00 [DBG] Created DbCommand for 'ExecuteReader' (0ms).
2023-02-11 21:50:38.021 -07:00 [DBG] Initialized DbCommand for 'ExecuteReader' (0ms).
2023-02-11 21:50:38.021 -07:00 [DBG] Opening connection to database 'AuthSrv' on server '(localdb)\MSSQLLocalDB'.
2023-02-11 21:50:38.021 -07:00 [DBG] Opened connection to database 'AuthSrv' on server '(localdb)\MSSQLLocalDB'.
2023-02-11 21:50:38.021 -07:00 [DBG] Executing DbCommand [Parameters=[], CommandType='"Text"', CommandTimeout='30']
SELECT [MigrationId], [ProductVersion]
FROM [__EFMigrationsHistory]
ORDER BY [MigrationId];
2023-02-11 21:50:38.022 -07:00 [INF] Executed DbCommand (1ms) [Parameters=[], CommandType='"Text"', CommandTimeout='30']
SELECT [MigrationId], [ProductVersion]
FROM [__EFMigrationsHistory]
ORDER BY [MigrationId];
2023-02-11 21:50:38.023 -07:00 [DBG] Closing data reader to 'AuthSrv' on server '(localdb)\MSSQLLocalDB'.
2023-02-11 21:50:38.024 -07:00 [DBG] A data reader for 'AuthSrv' on server '(localdb)\MSSQLLocalDB' is being disposed after spending 1ms reading results.
2023-02-11 21:50:38.024 -07:00 [DBG] Closing connection to database 'AuthSrv' on server '(localdb)\MSSQLLocalDB'.
2023-02-11 21:50:38.024 -07:00 [DBG] Closed connection to database 'AuthSrv' on server '(localdb)\MSSQLLocalDB' (0ms).
2023-02-11 21:50:38.033 -07:00 [INF] Applying migration '20230212045018_AddUserDb'.
2023-02-11 21:50:38.054 -07:00 [DBG] Opening connection to database 'AuthSrv' on server '(localdb)\MSSQLLocalDB'.
2023-02-11 21:50:38.054 -07:00 [DBG] Opened connection to database 'AuthSrv' on server '(localdb)\MSSQLLocalDB'.
2023-02-11 21:50:38.055 -07:00 [DBG] Beginning transaction with isolation level 'Unspecified'.
2023-02-11 21:50:38.057 -07:00 [DBG] Began transaction with isolation level 'ReadCommitted'.
2023-02-11 21:50:38.058 -07:00 [DBG] Creating DbCommand for 'ExecuteNonQuery'.
2023-02-11 21:50:38.058 -07:00 [DBG] Created DbCommand for 'ExecuteNonQuery' (0ms).
2023-02-11 21:50:38.058 -07:00 [DBG] Initialized DbCommand for 'ExecuteNonQuery' (0ms).
2023-02-11 21:50:38.058 -07:00 [DBG] Executing DbCommand [Parameters=[], CommandType='"Text"', CommandTimeout='30']
CREATE TABLE [Users] (
    [Id] nvarchar(450) NOT NULL,
    [UserName] nvarchar(max) NULL,
    [NormalizedUserName] nvarchar(max) NULL,
    [Email] nvarchar(max) NULL,
    [NormalizedEmail] nvarchar(max) NULL,
    [EmailConfirmed] bit NOT NULL,
    [PasswordHash] nvarchar(max) NULL,
    [SecurityStamp] nvarchar(max) NULL,
    [ConcurrencyStamp] nvarchar(max) NULL,
    [PhoneNumber] nvarchar(max) NULL,
    [PhoneNumberConfirmed] bit NOT NULL,
    [TwoFactorEnabled] bit NOT NULL,
    [LockoutEnd] datetimeoffset NULL,
    [LockoutEnabled] bit NOT NULL,
    [AccessFailedCount] int NOT NULL,
    CONSTRAINT [PK_Users] PRIMARY KEY ([Id])
);
2023-02-11 21:50:38.060 -07:00 [INF] Executed DbCommand (2ms) [Parameters=[], CommandType='"Text"', CommandTimeout='30']
CREATE TABLE [Users] (
    [Id] nvarchar(450) NOT NULL,
    [UserName] nvarchar(max) NULL,
    [NormalizedUserName] nvarchar(max) NULL,
    [Email] nvarchar(max) NULL,
    [NormalizedEmail] nvarchar(max) NULL,
    [EmailConfirmed] bit NOT NULL,
    [PasswordHash] nvarchar(max) NULL,
    [SecurityStamp] nvarchar(max) NULL,
    [ConcurrencyStamp] nvarchar(max) NULL,
    [PhoneNumber] nvarchar(max) NULL,
    [PhoneNumberConfirmed] bit NOT NULL,
    [TwoFactorEnabled] bit NOT NULL,
    [LockoutEnd] datetimeoffset NULL,
    [LockoutEnabled] bit NOT NULL,
    [AccessFailedCount] int NOT NULL,
    CONSTRAINT [PK_Users] PRIMARY KEY ([Id])
);
2023-02-11 21:50:38.061 -07:00 [DBG] Creating DbCommand for 'ExecuteNonQuery'.
2023-02-11 21:50:38.061 -07:00 [DBG] Created DbCommand for 'ExecuteNonQuery' (0ms).
2023-02-11 21:50:38.061 -07:00 [DBG] Initialized DbCommand for 'ExecuteNonQuery' (0ms).
2023-02-11 21:50:38.061 -07:00 [DBG] Executing DbCommand [Parameters=[], CommandType='"Text"', CommandTimeout='30']
INSERT INTO [__EFMigrationsHistory] ([MigrationId], [ProductVersion])
VALUES (N'20230212045018_AddUserDb', N'7.0.2');
2023-02-11 21:50:38.061 -07:00 [INF] Executed DbCommand (1ms) [Parameters=[], CommandType='"Text"', CommandTimeout='30']
INSERT INTO [__EFMigrationsHistory] ([MigrationId], [ProductVersion])
VALUES (N'20230212045018_AddUserDb', N'7.0.2');
2023-02-11 21:50:38.062 -07:00 [DBG] Committing transaction.
2023-02-11 21:50:38.064 -07:00 [DBG] Committed transaction.
2023-02-11 21:50:38.064 -07:00 [DBG] Disposing transaction.
2023-02-11 21:50:38.064 -07:00 [DBG] Closing connection to database 'AuthSrv' on server '(localdb)\MSSQLLocalDB'.
2023-02-11 21:50:38.064 -07:00 [DBG] Closed connection to database 'AuthSrv' on server '(localdb)\MSSQLLocalDB' (0ms).
2023-02-11 21:50:38.065 -07:00 [DBG] 'AuthDbContext' disposed.
2023-02-11 21:50:38.066 -07:00 [DBG] Disposing connection to database 'AuthSrv' on server '(localdb)\MSSQLLocalDB'.
2023-02-11 21:50:38.066 -07:00 [DBG] Disposed connection to database '' on server '' (0ms).
2023-02-11 21:51:10.452 -07:00 [DBG] Registered model binder providers, in the following order: ["Microsoft.AspNetCore.Mvc.ModelBinding.Binders.BinderTypeModelBinderProvider","Microsoft.AspNetCore.Mvc.ModelBinding.Binders.ServicesModelBinderProvider","Microsoft.AspNetCore.Mvc.ModelBinding.Binders.BodyModelBinderProvider","Microsoft.AspNetCore.Mvc.ModelBinding.Binders.HeaderModelBinderProvider","Microsoft.AspNetCore.Mvc.ModelBinding.Binders.FloatingPointTypeModelBinderProvider","Microsoft.AspNetCore.Mvc.ModelBinding.Binders.EnumTypeModelBinderProvider","Microsoft.AspNetCore.Mvc.ModelBinding.Binders.DateTimeModelBinderProvider","Microsoft.AspNetCore.Mvc.ModelBinding.Binders.TryParseModelBinderProvider","Microsoft.AspNetCore.Mvc.ModelBinding.Binders.SimpleTypeModelBinderProvider","Microsoft.AspNetCore.Mvc.ModelBinding.Binders.CancellationTokenModelBinderProvider","Microsoft.AspNetCore.Mvc.ModelBinding.Binders.ByteArrayModelBinderProvider","Microsoft.AspNetCore.Mvc.ModelBinding.Binders.FormFileModelBinderProvider","Microsoft.AspNetCore.Mvc.ModelBinding.Binders.FormCollectionModelBinderProvider","Microsoft.AspNetCore.Mvc.ModelBinding.Binders.KeyValuePairModelBinderProvider","Microsoft.AspNetCore.Mvc.ModelBinding.Binders.DictionaryModelBinderProvider","Microsoft.AspNetCore.Mvc.ModelBinding.Binders.ArrayModelBinderProvider","Microsoft.AspNetCore.Mvc.ModelBinding.Binders.CollectionModelBinderProvider","Microsoft.AspNetCore.Mvc.ModelBinding.Binders.ComplexObjectModelBinderProvider"]
2023-02-11 21:51:10.571 -07:00 [DBG] Hosting starting
2023-02-11 21:51:10.577 -07:00 [INF] User profile is available. Using 'C:\Users\dzieg\AppData\Local\ASP.NET\DataProtection-Keys' as key repository and Windows DPAPI to encrypt keys at rest.
2023-02-11 21:51:10.580 -07:00 [DBG] Reading data from file 'C:\Users\dzieg\AppData\Local\ASP.NET\DataProtection-Keys\key-61d8548b-5f66-4c9c-bdb6-aeaf7e351adb.xml'.
2023-02-11 21:51:10.592 -07:00 [DBG] Found key {61d8548b-5f66-4c9c-bdb6-aeaf7e351adb}.
2023-02-11 21:51:10.598 -07:00 [DBG] Considering key {61d8548b-5f66-4c9c-bdb6-aeaf7e351adb} with expiration date 2023-02-15 13:15:37Z as default key.
2023-02-11 21:51:10.599 -07:00 [DBG] Forwarded activator type request from Microsoft.AspNetCore.DataProtection.XmlEncryption.DpapiXmlDecryptor, Microsoft.AspNetCore.DataProtection, Version=7.0.0.0, Culture=neutral, PublicKeyToken=adb9793829ddae60 to Microsoft.AspNetCore.DataProtection.XmlEncryption.DpapiXmlDecryptor, Microsoft.AspNetCore.DataProtection, Culture=neutral, PublicKeyToken=adb9793829ddae60
2023-02-11 21:51:10.600 -07:00 [DBG] Decrypting secret element using Windows DPAPI.
2023-02-11 21:51:10.601 -07:00 [DBG] Forwarded activator type request from Microsoft.AspNetCore.DataProtection.AuthenticatedEncryption.ConfigurationModel.AuthenticatedEncryptorDescriptorDeserializer, Microsoft.AspNetCore.DataProtection, Version=7.0.0.0, Culture=neutral, PublicKeyToken=adb9793829ddae60 to Microsoft.AspNetCore.DataProtection.AuthenticatedEncryption.ConfigurationModel.AuthenticatedEncryptorDescriptorDeserializer, Microsoft.AspNetCore.DataProtection, Culture=neutral, PublicKeyToken=adb9793829ddae60
2023-02-11 21:51:10.602 -07:00 [DBG] Opening CNG algorithm 'AES' from provider 'null' with chaining mode CBC.
2023-02-11 21:51:10.603 -07:00 [DBG] Opening CNG algorithm 'SHA256' from provider 'null' with HMAC.
2023-02-11 21:51:10.603 -07:00 [DBG] Using key {61d8548b-5f66-4c9c-bdb6-aeaf7e351adb} as the default key.
2023-02-11 21:51:10.603 -07:00 [DBG] Key ring with default key {61d8548b-5f66-4c9c-bdb6-aeaf7e351adb} was loaded during application startup.
2023-02-11 21:51:10.622 -07:00 [DBG] Loaded hosting startup assembly AuthSrv
2023-02-11 21:51:10.622 -07:00 [INF] Application started. Press Ctrl+C to shut down.
2023-02-11 21:51:10.622 -07:00 [INF] Hosting environment: Development
2023-02-11 21:51:10.622 -07:00 [INF] Content root path: C:\Users\dzieg\Documents\projects\portfolio\authsrv\AuthSrv
2023-02-11 21:51:10.622 -07:00 [DBG] Hosting started
2023-02-11 21:51:10.635 -07:00 [INF] Request starting HTTP/2 GET https://localhost:44361/swagger/index.html - -
2023-02-11 21:51:10.636 -07:00 [DBG] Wildcard detected, all requests with hosts will be allowed.
2023-02-11 21:51:10.648 -07:00 [DBG] No candidates found for the request path '/swagger/index.html'
2023-02-11 21:51:10.648 -07:00 [DBG] Request did not match any endpoints
2023-02-11 21:51:10.657 -07:00 [INF] Identity.Application was not authenticated. Failure message: Unprotect ticket failed
2023-02-11 21:51:10.744 -07:00 [DBG] Connection ID "18230571300991008889" disconnecting.
2023-02-11 21:51:10.744 -07:00 [INF] Request finished HTTP/2 GET https://localhost:44361/swagger/index.html - - - 200 - text/html;charset=utf-8 110.2013ms
2023-02-11 21:51:10.931 -07:00 [INF] Request starting HTTP/2 GET https://localhost:44361/swagger/v1/swagger.json - -
2023-02-11 21:51:10.931 -07:00 [DBG] No candidates found for the request path '/swagger/v1/swagger.json'
2023-02-11 21:51:10.931 -07:00 [DBG] Request did not match any endpoints
2023-02-11 21:51:10.933 -07:00 [INF] Identity.Application was not authenticated. Failure message: Unprotect ticket failed
2023-02-11 21:51:11.008 -07:00 [DBG] Connection ID "18086456104325218355" disconnecting.
2023-02-11 21:51:11.008 -07:00 [INF] Request finished HTTP/2 GET https://localhost:44361/swagger/v1/swagger.json - - - 200 - application/json;charset=utf-8 77.2371ms
2023-02-11 21:51:20.887 -07:00 [INF] Application is shutting down...
2023-02-11 21:51:20.888 -07:00 [DBG] Hosting stopping
2023-02-11 21:51:20.890 -07:00 [DBG] Hosting stopped
